<?xml version="1.0" encoding="UTF-8"?>
<testsuite name="com.csvconverter.TesterConverter" tests="4" skipped="0" failures="0" errors="0" timestamp="2022-05-12T03:44:35" hostname="EricsComputer.local" time="0.308">
  <properties/>
  <testcase name="inputFileWorksFine()" classname="com.csvconverter.TesterConverter" time="0.283"/>
  <testcase name="bigDecimalConversionCountWithCommasIsConvertedToNotHaveCommas()" classname="com.csvconverter.TesterConverter" time="0.002"/>
  <testcase name="testTheConverter()" classname="com.csvconverter.TesterConverter" time="0.002"/>
  <testcase name="inputFileWithUnReadableRowsLogsErrors()" classname="com.csvconverter.TesterConverter" time="0.016"/>
  <system-out><![CDATA[]]></system-out>
  <system-err><![CDATA[]]></system-err>
</testsuite>
